MyApplication/sample/build/outputs/logs/manifest-merger-debug-report.txt
-- Merging decision tree log ---
manifest
ADDED from MyApplication\sample\AndroidManifest.xml:1:1-35:12
	xmlns:android
		ADDED from MyApplication\sample\AndroidManifest.xml:1:11-69
	package
		ADDED from MyApplication\sample\AndroidManifest.xml:2:5-56
		INJECTED from MyApplication\sample\AndroidManifest.xml
		INJECTED from MyApplication\sample\AndroidManifest.xml
	android:versionName
		ADDED from MyApplication\sample\AndroidManifest.xml:4:5-30
		INJECTED from MyApplication\sample\AndroidManifest.xml
		INJECTED from MyApplication\sample\AndroidManifest.xml
	android:versionCode
		ADDED from MyApplication\sample\AndroidManifest.xml:3:5-28
		INJECTED from MyApplication\sample\AndroidManifest.xml
		INJECTED from MyApplication\sample\AndroidManifest.xml
uses-sdk
ADDED from MyApplication\sample\AndroidManifest.xml:6:5-8:41
MERGED from [MyApplication:library:unspecified] AndroidManifest.xml:7:5-9:41
MERGED from [com.android.support:appcompat-v7:23.0.1] AndroidManifest.xml:20:5-43
MERGED from [com.android.support:support-v4:23.0.1] AndroidManifest.xml:20:5-43
MERGED from [com.android.support:support-v4:23.0.1] AndroidManifest.xml:20:5-43
	android:targetSdkVersion
		ADDED from MyApplication\sample\AndroidManifest.xml:8:9-38
		INJECTED from MyApplication\sample\AndroidManifest.xml
		INJECTED from MyApplication\sample\AndroidManifest.xml
	android:minSdkVersion
		ADDED from MyApplication\sample\AndroidManifest.xml:7:9-34
		INJECTED from MyApplication\sample\AndroidManifest.xml
		INJECTED from MyApplication\sample\AndroidManifest.xml
application
ADDED from MyApplication\sample\AndroidManifest.xml:10:5-33:19
MERGED from [com.android.support:appcompat-v7:23.0.1] AndroidManifest.xml:22:5-20
MERGED from [com.android.support:support-v4:23.0.1] AndroidManifest.xml:22:5-20
MERGED from [com.android.support:support-v4:23.0.1] AndroidManifest.xml:22:5-20
	android:supportsRtl
		ADDED from MyApplication\sample\AndroidManifest.xml:15:9-35
	android:label
		ADDED from MyApplication\sample\AndroidManifest.xml:13:9-41
	android:allowBackup
		ADDED from MyApplication\sample\AndroidManifest.xml:11:9-35
	android:icon
		ADDED from MyApplication\sample\AndroidManifest.xml:12:9-45
	android:theme
		ADDED from MyApplication\sample\AndroidManifest.xml:14:9-40
activity#se.emilsjolander.stickylistheaders.sample.TestActivity
ADDED from MyApplication\sample\AndroidManifest.xml:16:9-24:20
	android:label
		ADDED from MyApplication\sample\AndroidManifest.xml:18:13-45
	android:name
		ADDED from MyApplication\sample\AndroidManifest.xml:17:13-41
intent-filter#android.intent.action.MAIN+android.intent.category.LAUNCHER
ADDED from MyApplication\sample\AndroidManifest.xml:19:13-23:29
action#android.intent.action.MAIN
ADDED from MyApplication\sample\AndroidManifest.xml:20:17-69
	android:name
		ADDED from MyApplication\sample\AndroidManifest.xml:20:25-66
category#android.intent.category.LAUNCHER
ADDED from MyApplication\sample\AndroidManifest.xml:22:17-77
	android:name
		ADDED from MyApplication\sample\AndroidManifest.xml:22:27-74
activity#se.emilsjolander.stickylistheaders.sample.ExpandableListTestActivity
ADDED from MyApplication\sample\AndroidManifest.xml:25:9-32:24
	android:name
		ADDED from MyApplication\sample\AndroidManifest.xml:26:13-55